<?xml version="1.0" encoding="UTF-8"?>
<testng-results skipped="0" failed="0" total="1" passed="1">
  <reporter-output>
  </reporter-output>
  <suite name="Default suite" duration-ms="44" started-at="2013-04-10T10:43:36Z" finished-at="2013-04-10T10:43:36Z">
    <groups>
    </groups>
    <test name="Default test" duration-ms="44" started-at="2013-04-10T10:43:36Z" finished-at="2013-04-10T10:43:36Z">
      <class name="com.test.mainclass.MainClass">
        <test-method status="PASS" signature="EnumSwitchTest()[pri:0, instance:com.test.mainclass.MainClass@583f5cc3]" name="EnumSwitchTest" duration-ms="21" started-at="2013-04-10T16:13:36Z" finished-at="2013-04-10T16:13:36Z">
          <reporter-output>
          </reporter-output>
        </test-method> <!-- EnumSwitchTest -->
      </class> <!-- com.test.mainclass.MainClass -->
    </test> <!-- Default test -->
  </suite> <!-- Default suite -->
</testng-results>
