<?xml version="1.0" encoding="UTF-8"?>
<testng-results skipped="0" failed="0" total="1" passed="1">
  <reporter-output>
  </reporter-output>
  <suite name="Wires Automation Test Suite" duration-ms="262754" started-at="2013-03-12T20:48:57Z" finished-at="2013-03-12T20:53:20Z">
    <groups>
      <group name="searchtest">
        <method signature="WiresTest.tVerifySearchForCurrency(java.lang.String, java.lang.String, java.lang.String, java.lang.String, java.lang.String, java.lang.String)[pri:0, instance:deshaw.automation.wires.test.WiresTest@49cd21c7]" name="tVerifySearchForCurrency" class="deshaw.automation.wires.test.WiresTest"/>
      </group>
    </groups>
    <test name="Wires UI Functional Automation Tests" duration-ms="262754" started-at="2013-03-12T20:48:57Z" finished-at="2013-03-12T20:53:20Z">
      <class name="deshaw.automation.wires.test.WiresTest">
        <test-method status="PASS" signature="setUp()[pri:0, instance:deshaw.automation.wires.test.WiresTest@49cd21c7]" name="setUp" is-config="true" duration-ms="96" started-at="2013-03-12T20:48:57Z" finished-at="2013-03-12T20:48:57Z">
        </test-method>
        <test-method status="PASS" signature="setConfigureGridSettings()[pri:0, instance:deshaw.automation.wires.test.WiresTest@49cd21c7]" name="setConfigureGridSettings" is-config="true" duration-ms="65826" started-at="2013-03-12T20:48:58Z" finished-at="2013-03-12T20:50:03Z">
        </test-method>
        <test-method status="PASS" signature="tVerifySearchForCurrency(java.lang.String, java.lang.String, java.lang.String, java.lang.String, java.lang.String, java.lang.String)[pri:0, instance:deshaw.automation.wires.test.WiresTest@49cd21c7]" name="tVerifySearchForCurrency" duration-ms="191107" started-at="2013-03-12T20:50:03Z" finished-at="2013-03-12T20:53:15Z">
          <params>
            <param index="0">
              <value>
                <![CDATA[2116 CSI USD Swap Payments (890-0360-968)]]>
              </value>
            </param>
            <param index="1">
              <value>
                <![CDATA[2048 DB USD VALINC - Coll]]>
              </value>
            </param>
            <param index="2">
              <value>
                <![CDATA[1234]]>
              </value>
            </param>
            <param index="3">
              <value>
                <![CDATA[Other]]>
              </value>
            </param>
            <param index="4">
              <value>
                <![CDATA[DNU]]>
              </value>
            </param>
            <param index="5">
              <value>
                <![CDATA[United States Dollar]]>
              </value>
            </param>
          </params>
        </test-method>
        <test-method status="PASS" signature="shutDown()[pri:0, instance:deshaw.automation.wires.test.WiresTest@49cd21c7]" name="shutDown" is-config="true" duration-ms="5358" started-at="2013-03-12T20:53:15Z" finished-at="2013-03-12T20:53:20Z">
        </test-method>
      </class>
    </test>
  </suite>
</testng-results>
